TN:
SF:script/DeployLottery.s.sol
FN:11,DeployLottery.run
FNDA:0,DeployLottery.run
FN:13,DeployLottery.deployLottery
FNDA:11,DeployLottery.deployLottery
DA:14,11
DA:15,11
DA:17,11
BRDA:17,0,0,11
DA:18,11
DA:19,11
DA:22,11
DA:23,11
DA:30,11
DA:31,11
DA:39,11
DA:41,11
DA:42,11
DA:48,11
FNF:2
FNH:1
LF:13
LH:13
BRF:1
BRH:1
end_of_record
TN:
SF:script/HelperConfig.s.sol
FN:35,HelperConfig.
FNDA:11,HelperConfig.
DA:36,11
FN:39,HelperConfig.getConfigByChainId
FNDA:0,HelperConfig.getConfigByChainId
DA:42,22
BRDA:42,0,0,-
BRDA:42,0,1,-
DA:43,0
DA:44,22
BRDA:44,1,0,22
BRDA:44,1,1,-
DA:45,22
DA:47,0
FN:51,HelperConfig.getConfig
FNDA:22,HelperConfig.getConfig
DA:52,22
FN:55,HelperConfig.getSepoliaConfig
FNDA:11,HelperConfig.getSepoliaConfig
DA:56,11
FN:68,HelperConfig.getOrCreateAnvilConfig
FNDA:0,HelperConfig.getOrCreateAnvilConfig
DA:69,22
BRDA:69,2,0,11
BRDA:69,2,1,11
DA:70,11
DA:72,11
DA:73,11
DA:78,11
DA:79,11
DA:81,11
DA:90,11
FNF:5
FNH:3
LF:16
LH:14
BRF:6
BRH:3
end_of_record
TN:
SF:script/Interactions.s.sol
FN:12,CreateSubscription.createSubscriptionUsingConfig
FNDA:0,CreateSubscription.createSubscriptionUsingConfig
DA:13,0
DA:14,0
DA:15,0
DA:16,0
FN:19,CreateSubscription.createSubscription
FNDA:11,CreateSubscription.createSubscription
DA:22,11
DA:23,11
DA:24,11
DA:26,11
DA:27,11
DA:28,11
FN:31,CreateSubscription.run
FNDA:0,CreateSubscription.run
DA:32,0
FN:39,FundSubscription.fundSubscriptionUsingConfig
FNDA:0,FundSubscription.fundSubscriptionUsingConfig
DA:40,0
DA:41,0
DA:42,0
DA:43,0
DA:44,0
FN:47,FundSubscription.fundSubscription
FNDA:11,FundSubscription.fundSubscription
DA:52,11
BRDA:52,0,0,11
BRDA:52,0,1,-
DA:53,11
DA:54,11
DA:58,11
DA:60,0
DA:61,0
DA:62,0
DA:63,0
DA:64,0
DA:65,0
DA:70,0
FN:74,FundSubscription.run
FNDA:0,FundSubscription.run
DA:75,0
FN:80,AddConsumer.addConsumerUsingConfig
FNDA:0,AddConsumer.addConsumerUsingConfig
DA:81,0
DA:82,0
DA:83,0
DA:84,0
FN:87,AddConsumer.addConsumer
FNDA:11,AddConsumer.addConsumer
DA:92,11
DA:93,11
DA:94,11
DA:95,11
DA:96,11
DA:100,11
FN:103,AddConsumer.run
FNDA:0,AddConsumer.run
DA:104,0
DA:108,0
FNF:9
FNH:3
LF:40
LH:16
BRF:2
BRH:1
end_of_record
TN:
SF:src/Lottery.sol
FN:75,Lottery.
FNDA:11,Lottery.
DA:83,11
DA:84,11
DA:85,11
DA:86,11
DA:87,11
DA:88,11
DA:89,11
FN:96,Lottery.enterLottery
FNDA:1018,Lottery.enterLottery
DA:99,1018
BRDA:99,0,0,1
DA:100,1
DA:102,1017
BRDA:102,1,0,1
DA:103,1
DA:105,1016
DA:108,1016
FN:120,Lottery.checkUpkeep
FNDA:2,Lottery.checkUpkeep
DA:128,8
DA:129,8
DA:130,8
DA:131,8
DA:132,8
DA:133,8
FN:140,Lottery.performUpkeep
FNDA:6,Lottery.performUpkeep
DA:141,6
DA:143,6
BRDA:143,2,0,1
DA:144,1
DA:151,5
DA:154,5
DA:168,5
FN:175,Lottery.fulfillRandomWords
FNDA:1,Lottery.fulfillRandomWords
DA:185,1
DA:186,1
DA:187,1
DA:188,1
DA:189,1
DA:190,1
DA:191,1
DA:192,1
DA:194,1
BRDA:194,3,0,-
DA:195,0
FN:202,Lottery.getLotteryState
FNDA:4,Lottery.getLotteryState
DA:203,4
FN:206,Lottery.getNumWords
FNDA:0,Lottery.getNumWords
DA:207,0
FN:210,Lottery.getRequestConfirmations
FNDA:0,Lottery.getRequestConfirmations
DA:211,0
FN:214,Lottery.getRecentWinner
FNDA:1,Lottery.getRecentWinner
DA:215,1
FN:218,Lottery.getPlayer
FNDA:1,Lottery.getPlayer
DA:219,1
FN:222,Lottery.getLastTimeStamp
FNDA:2,Lottery.getLastTimeStamp
DA:223,2
FN:226,Lottery.getInterval
FNDA:0,Lottery.getInterval
DA:227,0
FN:230,Lottery.getEntranceFee
FNDA:0,Lottery.getEntranceFee
DA:231,0
FN:234,Lottery.getNumberOfPlayers
FNDA:1,Lottery.getNumberOfPlayers
DA:235,1
FNF:14
FNH:10
LF:44
LH:39
BRF:4
BRH:3
end_of_record
TN:
SF:test/mock/LinkToken.sol
FN:19,LinkToken.
FNDA:11,LinkToken.
DA:20,11
FN:23,LinkToken.mint
FNDA:0,LinkToken.mint
DA:24,0
FN:40,LinkToken.transferAndCall
FNDA:0,LinkToken.transferAndCall
DA:45,0
DA:47,0
DA:48,0
BRDA:48,0,0,-
DA:49,0
DA:51,0
FN:56,LinkToken.contractFallback
FNDA:0,LinkToken.contractFallback
DA:61,0
DA:62,0
FN:65,LinkToken.isContract
FNDA:0,LinkToken.isContract
DA:66,0
DA:68,0
DA:70,0
FNF:5
FNH:1
LF:12
LH:1
BRF:1
BRH:0
end_of_record
